<?xml version="1.0" encoding="UTF-8"?>
<!-- Generated by org.testng.reporters.JUnitReportReporter -->
<testsuite hostname="DESKTOP-24HNAOI" failures="0" tests="10" name="codenboxautomationllab.AppTest" time="2.292" errors="0" timestamp="2025-05-13T23:28:55 EET" skipped="8">
  <testcase classname="codenboxautomationllab.AppTest" name="HideTest" time="1.186"/>
  <system-out/>
  <testcase classname="codenboxautomationllab.AppTest" name="ShowTest" time="1.106"/>
  <system-out/>
  <testcase classname="codenboxautomationllab.AppTest" name="SwitchTab">
    <skipped/>
  </testcase> <!-- SwitchTab -->
  <system-out/>
  <testcase classname="codenboxautomationllab.AppTest" name="AlertTag">
    <skipped/>
  </testcase> <!-- AlertTag -->
  <system-out/>
  <testcase classname="codenboxautomationllab.AppTest" name="SwitchWnidows">
    <skipped/>
  </testcase> <!-- SwitchWnidows -->
  <system-out/>
  <testcase classname="codenboxautomationllab.AppTest" name="CheckBoxTest">
    <skipped/>
  </testcase> <!-- CheckBoxTest -->
  <system-out/>
  <testcase classname="codenboxautomationllab.AppTest" name="TableTest">
    <skipped/>
  </testcase> <!-- TableTest -->
  <system-out/>
  <testcase classname="codenboxautomationllab.AppTest" name="RadioButtonTest">
    <skipped/>
  </testcase> <!-- RadioButtonTest -->
  <system-out/>
  <testcase classname="codenboxautomationllab.AppTest" name="DynamicDropDownTest">
    <skipped/>
  </testcase> <!-- DynamicDropDownTest -->
  <system-out/>
  <testcase classname="codenboxautomationllab.AppTest" name="StaticDropDownTest">
    <skipped/>
  </testcase> <!-- StaticDropDownTest -->
  <system-out/>
</testsuite> <!-- codenboxautomationllab.AppTest -->
