<?xml version="1.0" encoding="UTF-8"?>
<!-- Generated by org.testng.reporters.JUnitReportReporter -->
<testsuite hostname="DESKTOP-24HNAOI" failures="0" tests="15" name="codenboxautomationllab.AppTest" time="0.283" errors="0" timestamp="2025-05-15T16:05:32 EET" skipped="14">
  <testcase classname="codenboxautomationllab.AppTest" name="IframeTest" time="0.283"/>
  <system-out/>
  <testcase classname="codenboxautomationllab.AppTest" name="SwitchTab">
    <skipped/>
  </testcase> <!-- SwitchTab -->
  <system-out/>
  <testcase classname="codenboxautomationllab.AppTest" name="AlertTag">
    <skipped/>
  </testcase> <!-- AlertTag -->
  <system-out/>
  <testcase classname="codenboxautomationllab.AppTest" name="EnableTest">
    <skipped/>
  </testcase> <!-- EnableTest -->
  <system-out/>
  <testcase classname="codenboxautomationllab.AppTest" name="SwitchWnidows">
    <skipped/>
  </testcase> <!-- SwitchWnidows -->
  <system-out/>
  <testcase classname="codenboxautomationllab.AppTest" name="MouseHover">
    <skipped/>
  </testcase> <!-- MouseHover -->
  <system-out/>
  <testcase classname="codenboxautomationllab.AppTest" name="BookingCalenderTest">
    <skipped/>
  </testcase> <!-- BookingCalenderTest -->
  <system-out/>
  <testcase classname="codenboxautomationllab.AppTest" name="ShowTest">
    <skipped/>
  </testcase> <!-- ShowTest -->
  <system-out/>
  <testcase classname="codenboxautomationllab.AppTest" name="DisableTest">
    <skipped/>
  </testcase> <!-- DisableTest -->
  <system-out/>
  <testcase classname="codenboxautomationllab.AppTest" name="CheckBoxTest">
    <skipped/>
  </testcase> <!-- CheckBoxTest -->
  <system-out/>
  <testcase classname="codenboxautomationllab.AppTest" name="HideTest">
    <skipped/>
  </testcase> <!-- HideTest -->
  <system-out/>
  <testcase classname="codenboxautomationllab.AppTest" name="TableTest">
    <skipped/>
  </testcase> <!-- TableTest -->
  <system-out/>
  <testcase classname="codenboxautomationllab.AppTest" name="RadioButtonTest">
    <skipped/>
  </testcase> <!-- RadioButtonTest -->
  <system-out/>
  <testcase classname="codenboxautomationllab.AppTest" name="DynamicDropDownTest">
    <skipped/>
  </testcase> <!-- DynamicDropDownTest -->
  <system-out/>
  <testcase classname="codenboxautomationllab.AppTest" name="StaticDropDownTest">
    <skipped/>
  </testcase> <!-- StaticDropDownTest -->
  <system-out/>
</testsuite> <!-- codenboxautomationllab.AppTest -->
