<?xml version="1.0" encoding="UTF-8"?>
<!-- Generated by org.testng.reporters.JUnitReportReporter -->
<testsuite hostname="DESKTOP-24HNAOI" failures="0" tests="2" name="codenboxautomationllab.AppTest" time="2.127" errors="0" timestamp="2025-05-03T12:25:30 EET" skipped="1">
  <testcase classname="codenboxautomationllab.AppTest" name="DynamicDropDownTest" time="2.127"/>
  <system-out/>
  <testcase classname="codenboxautomationllab.AppTest" name="RadioButtonTest">
    <skipped/>
  </testcase> <!-- RadioButtonTest -->
  <system-out/>
</testsuite> <!-- codenboxautomationllab.AppTest -->
